INFO [2025-06-17 13:26:13] $x
INFO [2025-06-17 13:26:13] venn_data
INFO [2025-06-17 13:26:13] 
INFO [2025-06-17 13:26:13] $filename
INFO [2025-06-17 13:26:13] NULL
INFO [2025-06-17 13:26:13] 
INFO [2025-06-17 13:26:13] $fill
INFO [2025-06-17 13:26:13] c("#4f94d7", "#d15356", "#ebb869")
INFO [2025-06-17 13:26:13] 
INFO [2025-06-17 13:26:13] $alpha
INFO [2025-06-17 13:26:13] [1] 0.5
INFO [2025-06-17 13:26:13] 
INFO [2025-06-17 13:26:13] $cex
INFO [2025-06-17 13:26:13] [1] 1.5
INFO [2025-06-17 13:26:13] 
INFO [2025-06-17 13:26:13] $cat.cex
INFO [2025-06-17 13:26:13] [1] 1.5
INFO [2025-06-17 13:26:13] 
INFO [2025-06-17 13:26:13] $cat.fontface
INFO [2025-06-17 13:26:13] [1] "bold"
INFO [2025-06-17 13:26:13] 
INFO [2025-06-17 13:26:13] $main.cex
INFO [2025-06-17 13:26:13] [1] 2
INFO [2025-06-17 13:26:13] 
INFO [2025-06-17 13:26:13] $main.fontface
INFO [2025-06-17 13:26:13] [1] "bold"
INFO [2025-06-17 13:26:13] 
INFO [2025-06-17 13:26:13] $margin
INFO [2025-06-17 13:26:13] [1] 0.1
INFO [2025-06-17 13:26:13] 
