INFO [2025-06-17 13:24:50] $x
INFO [2025-06-17 13:24:50] venn_data
INFO [2025-06-17 13:24:50] 
INFO [2025-06-17 13:24:50] $filename
INFO [2025-06-17 13:24:50] NULL
INFO [2025-06-17 13:24:50] 
INFO [2025-06-17 13:24:50] $fill
INFO [2025-06-17 13:24:50] c("#4f94d7", "#d15356", "#ebb869")
INFO [2025-06-17 13:24:50] 
INFO [2025-06-17 13:24:50] $alpha
INFO [2025-06-17 13:24:50] [1] 0.5
INFO [2025-06-17 13:24:50] 
INFO [2025-06-17 13:24:50] $cex
INFO [2025-06-17 13:24:50] [1] 1.5
INFO [2025-06-17 13:24:50] 
INFO [2025-06-17 13:24:50] $cat.cex
INFO [2025-06-17 13:24:50] [1] 1.5
INFO [2025-06-17 13:24:50] 
INFO [2025-06-17 13:24:50] $cat.fontface
INFO [2025-06-17 13:24:50] [1] "bold"
INFO [2025-06-17 13:24:50] 
INFO [2025-06-17 13:24:50] $main
INFO [2025-06-17 13:24:50] [1] "Venn Diagram of Gene Overlaps"
INFO [2025-06-17 13:24:50] 
INFO [2025-06-17 13:24:50] $main.cex
INFO [2025-06-17 13:24:50] [1] 2
INFO [2025-06-17 13:24:50] 
INFO [2025-06-17 13:24:50] $main.fontface
INFO [2025-06-17 13:24:50] [1] "bold"
INFO [2025-06-17 13:24:50] 
INFO [2025-06-17 13:24:50] $margin
INFO [2025-06-17 13:24:50] [1] 0.1
INFO [2025-06-17 13:24:50] 
